Start testing: Jan 01 19:08 CST
----------------------------------------------------------
1/3 Testing: test_guyu
1/3 Test: test_guyu
Command: "/bin/sh" "/home/guyu/workarea/gr-guyu/build/lib/test_guyu_test.sh"
Directory: /home/guyu/workarea/gr-guyu/build/lib
"test_guyu" start time: Jan 01 19:08 CST
Output:
----------------------------------------------------------
.

<end of output>
Test time =   0.04 sec
----------------------------------------------------------
Test Passed.
"test_guyu" end time: Jan 01 19:08 CST
"test_guyu" time elapsed: 00:00:00
----------------------------------------------------------

2/3 Testing: qa_print_data_f
2/3 Test: qa_print_data_f
Command: "/bin/sh" "/home/guyu/workarea/gr-guyu/build/python/qa_print_data_f_test.sh"
Directory: /home/guyu/workarea/gr-guyu/build/python
"qa_print_data_f" start time: Jan 01 19:08 CST
Output:
----------------------------------------------------------
.
----------------------------------------------------------------------
Ran 1 test in 0.017s

OK
<end of output>
Test time =   3.30 sec
----------------------------------------------------------
Test Passed.
"qa_print_data_f" end time: Jan 01 19:08 CST
"qa_print_data_f" time elapsed: 00:00:03
----------------------------------------------------------

3/3 Testing: qa_myCMA22
3/3 Test: qa_myCMA22
Command: "/bin/sh" "/home/guyu/workarea/gr-guyu/build/python/qa_myCMA22_test.sh"
Directory: /home/guyu/workarea/gr-guyu/build/python
"qa_myCMA22" start time: Jan 01 19:08 CST
Output:
----------------------------------------------------------
.
----------------------------------------------------------------------
Ran 1 test in 0.000s

OK
<end of output>
Test time =   0.24 sec
----------------------------------------------------------
Test Passed.
"qa_myCMA22" end time: Jan 01 19:08 CST
"qa_myCMA22" time elapsed: 00:00:00
----------------------------------------------------------

End testing: Jan 01 19:08 CST
